Using pre-set license
Built from '2021.3/staging' branch; Version is '2021.3.18f1 (3129e69bc0c7) revision 3221990'; Using compiler version '192829333'; Build Type 'Release'
OS: 'Windows 10  (10.0.19044) 64bit Core' Language: 'es' Physical Memory: 16297 MB
BatchMode: 1, IsHumanControllingUs: 0, StartBugReporterOnCrash: 0, Is64bit: 1, IsPro: 1

COMMAND LINE ARGUMENTS:
C:\Program Files\Unity\Hub\Editor\2021.3.18f1\Editor\Unity.exe
-adb2
-batchMode
-noUpm
-name
AssetImportWorker5
-projectPath
D:/Repositorios/DSH/Projecto 2
-logFile
Logs/AssetImportWorker5.log
-srvPort
61849
Successfully changed project path to: D:/Repositorios/DSH/Projecto 2
D:/Repositorios/DSH/Projecto 2
[UnityMemory] Configuration Parameters - Can be set up in boot.config
    "memorysetup-bucket-allocator-granularity=16"
    "memorysetup-bucket-allocator-bucket-count=8"
    "memorysetup-bucket-allocator-block-size=33554432"
    "memorysetup-bucket-allocator-block-count=8"
    "memorysetup-main-allocator-block-size=16777216"
    "memorysetup-thread-allocator-block-size=16777216"
    "memorysetup-gfx-main-allocator-block-size=16777216"
    "memorysetup-gfx-thread-allocator-block-size=16777216"
    "memorysetup-cache-allocator-block-size=4194304"
    "memorysetup-typetree-allocator-block-size=2097152"
    "memorysetup-profiler-bucket-allocator-granularity=16"
    "memorysetup-profiler-bucket-allocator-bucket-count=8"
    "memorysetup-profiler-bucket-allocator-block-size=33554432"
    "memorysetup-profiler-bucket-allocator-block-count=8"
    "memorysetup-profiler-allocator-block-size=16777216"
    "memorysetup-profiler-editor-allocator-block-size=1048576"
    "memorysetup-temp-allocator-size-main=16777216"
    "memorysetup-job-temp-allocator-block-size=2097152"
    "memorysetup-job-temp-allocator-block-size-background=1048576"
    "memorysetup-job-temp-allocator-reduction-small-platforms=262144"
    "memorysetup-temp-allocator-size-background-worker=32768"
    "memorysetup-temp-allocator-size-job-worker=262144"
    "memorysetup-temp-allocator-size-preload-manager=33554432"
    "memorysetup-temp-allocator-size-nav-mesh-worker=65536"
    "memorysetup-temp-allocator-size-audio-worker=65536"
    "memorysetup-temp-allocator-size-cloud-worker=32768"
    "memorysetup-temp-allocator-size-gi-baking-worker=262144"
    "memorysetup-temp-allocator-size-gfx=262144"
Player connection [17948] Host "[IP] 192.168.1.74 [Port] 0 [Flags] 2 [Guid] 343521986 [EditorId] 343521986 [Version] 1048832 [Id] WindowsEditor(7,DESKTOP-0U3B5GL) [Debug] 1 [PackageName] WindowsEditor [ProjectName] Editor" joined multi-casting on [225.0.0.222:54997]...

Player connection [17948] Host "[IP] 192.168.1.74 [Port] 0 [Flags] 2 [Guid] 343521986 [EditorId] 343521986 [Version] 1048832 [Id] WindowsEditor(7,DESKTOP-0U3B5GL) [Debug] 1 [PackageName] WindowsEditor [ProjectName] Editor" joined alternative multi-casting on [225.0.0.222:34997]...

Refreshing native plugins compatible for Editor in 90.64 ms, found 3 plugins.
Preloading 0 native plugins for Editor in 0.00 ms.
Initialize engine version: 2021.3.18f1 (3129e69bc0c7)
[Subsystems] Discovering subsystems at path C:/Program Files/Unity/Hub/Editor/2021.3.18f1/Editor/Data/Resources/UnitySubsystems
[Subsystems] Discovering subsystems at path D:/Repositorios/DSH/Projecto 2/Assets
GfxDevice: creating device client; threaded=0; jobified=0
Direct3D:
    Version:  Direct3D 11.0 [level 11.1]
    Renderer: NVIDIA GeForce RTX 3060 (ID=0x2503)
    Vendor:   NVIDIA
    VRAM:     12129 MB
    Driver:   31.0.15.3118
Initialize mono
Mono path[0] = 'C:/Program Files/Unity/Hub/Editor/2021.3.18f1/Editor/Data/Managed'
Mono path[1] = 'C:/Program Files/Unity/Hub/Editor/2021.3.18f1/Editor/Data/MonoBleedingEdge/lib/mono/unityjit-win32'
Mono config path = 'C:/Program Files/Unity/Hub/Editor/2021.3.18f1/Editor/Data/MonoBleedingEdge/etc'
Using monoOptions --debugger-agent=transport=dt_socket,embedding=1,server=y,suspend=n,address=127.0.0.1:56676
Begin MonoManager ReloadAssembly
Registering precompiled unity dll's ...
Register platform support module: C:/Program Files/Unity/Hub/Editor/2021.3.18f1/Editor/Data/PlaybackEngines/WebGLSupport/UnityEditor.WebGL.Extensions.dll
Register platform support module: C:/Program Files/Unity/Hub/Editor/2021.3.18f1/Editor/Data/PlaybackEngines/WindowsStandaloneSupport/UnityEditor.WindowsStandalone.Extensions.dll
Registered in 0.007852 seconds.
Native extension for WindowsStandalone target not found
Native extension for WebGL target not found
Refreshing native plugins compatible for Editor in 94.68 ms, found 3 plugins.
Preloading 0 native plugins for Editor in 0.00 ms.
Mono: successfully reloaded assembly
- Completed reload, in  0.694 seconds
Domain Reload Profiling:
	ReloadAssembly (695ms)
		BeginReloadAssembly (73ms)
			ExecutionOrderSort (0ms)
			DisableScriptedObjects (0ms)
			BackupInstance (0ms)
			ReleaseScriptingObjects (0ms)
			CreateAndSetChildDomain (1ms)
		EndReloadAssembly (512ms)
			LoadAssemblies (70ms)
			RebuildTransferFunctionScriptingTraits (0ms)
			SetupTypeCache (127ms)
			ReleaseScriptCaches (0ms)
			RebuildScriptCaches (34ms)
			SetupLoadedEditorAssemblies (294ms)
				LogAssemblyErrors (0ms)
				InitializePlatformSupportModulesInManaged (10ms)
				SetLoadedEditorAssemblies (0ms)
				RefreshPlugins (95ms)
				BeforeProcessingInitializeOnLoad (1ms)
				ProcessInitializeOnLoadAttributes (142ms)
				ProcessInitializeOnLoadMethodAttributes (45ms)
				AfterProcessingInitializeOnLoad (0ms)
				EditorAssembliesLoaded (0ms)
			ExecutionOrderSort2 (0ms)
			AwakeInstancesAfterBackupRestoration (0ms)
Platform modules already initialized, skipping
Registering precompiled user dll's ...
Registered in 0.004195 seconds.
Begin MonoManager ReloadAssembly
Symbol file LoadedFromMemory doesn't match image D:\Repositorios\DSH\Projecto 2\Library\PackageCache\com.unity.visualscripting@1.8.0\Editor\VisualScripting.Core\Dependencies\YamlDotNet\Unity.VisualScripting.YamlDotNet.dll
Symbol file LoadedFromMemory doesn't match image D:\Repositorios\DSH\Projecto 2\Library\PackageCache\com.unity.visualscripting@1.8.0\Editor\VisualScripting.Core\Dependencies\DotNetZip\Unity.VisualScripting.IonicZip.dll
Native extension for WindowsStandalone target not found
Native extension for WebGL target not found
Refreshing native plugins compatible for Editor in 1.04 ms, found 3 plugins.
Preloading 0 native plugins for Editor in 0.00 ms.
Mono: successfully reloaded assembly
- Completed reload, in  1.008 seconds
Domain Reload Profiling:
	ReloadAssembly (1009ms)
		BeginReloadAssembly (106ms)
			ExecutionOrderSort (0ms)
			DisableScriptedObjects (6ms)
			BackupInstance (0ms)
			ReleaseScriptingObjects (0ms)
			CreateAndSetChildDomain (18ms)
		EndReloadAssembly (787ms)
			LoadAssemblies (79ms)
			RebuildTransferFunctionScriptingTraits (0ms)
			SetupTypeCache (258ms)
			ReleaseScriptCaches (1ms)
			RebuildScriptCaches (55ms)
			SetupLoadedEditorAssemblies (356ms)
				LogAssemblyErrors (0ms)
				InitializePlatformSupportModulesInManaged (10ms)
				SetLoadedEditorAssemblies (1ms)
				RefreshPlugins (1ms)
				BeforeProcessingInitializeOnLoad (80ms)
				ProcessInitializeOnLoadAttributes (237ms)
				ProcessInitializeOnLoadMethodAttributes (19ms)
				AfterProcessingInitializeOnLoad (8ms)
				EditorAssembliesLoaded (0ms)
			ExecutionOrderSort2 (0ms)
			AwakeInstancesAfterBackupRestoration (6ms)
Platform modules already initialized, skipping
========================================================================
Worker process is ready to serve import requests
Launched and connected shader compiler UnityShaderCompiler.exe after 0.04 seconds
Refreshing native plugins compatible for Editor in 0.65 ms, found 3 plugins.
Preloading 0 native plugins for Editor in 0.00 ms.
Unloading 3181 Unused Serialized files (Serialized files now loaded: 0)
Unloading 26 unused Assets / (503.3 KB). Loaded Objects now: 3674.
Memory consumption went from 141.8 MB to 141.3 MB.
Total: 3.712600 ms (FindLiveObjects: 0.390400 ms CreateObjectMapping: 0.200300 ms MarkObjects: 2.816800 ms  DeleteObjects: 0.304300 ms)

AssetImportParameters requested are different than current active one (requested -> active):
  custom:video-decoder-ogg-theora: a1e56fd34408186e4bbccfd4996cb3dc -> 
  custom:container-muxer-webm: aa71ff27fc2769a1b78a27578f13a17b -> 
  custom:container-demuxer-webm: 4f35f7cbe854078d1ac9338744f61a02 -> 
  custom:video-encoder-webm-vp8: eb34c28f22e8b96e1ab97ce403110664 -> 
  custom:audio-encoder-webm-vorbis: bf7c407c2cedff20999df2af8eb42d56 -> 
  custom:framework-win-MediaFoundation: 216162199b28c13a410421893ffa2e32 -> 
  custom:container-demuxer-ogg: 62fdf1f143b41e24485cea50d1cbac27 -> 
  custom:video-decoder-webm-vp8: 9c59270c3fd7afecdb556c50c9e8de78 -> 
  custom:audio-decoder-ogg-vorbis: bf7c407c2cedff20999df2af8eb42d56 -> 
========================================================================
Received Import Request.
  Time since last request: 1812763.821290 seconds.
  path: Assets/Materiales/Negro.mat
  artifactKey: Guid(26b2125f58235554b8f24d7f8d974bbe) Importer(815301076,1909f56bfc062723c751e8b465ee728b)
Start importing Assets/Materiales/Negro.mat using Guid(26b2125f58235554b8f24d7f8d974bbe) Importer(815301076,1909f56bfc062723c751e8b465ee728b)  -> (artifact id: '435aa97d83f2ed9947adde23f87a270a') in 0.167027 seconds 
========================================================================
Received Import Request.
  Time since last request: 122.055333 seconds.
  path: Assets/Old Sea Port/Materials/Brick Wall_2.mat
  artifactKey: Guid(3a2d8369995a465499c90c94fb8b6c4e) Importer(815301076,1909f56bfc062723c751e8b465ee728b)
Start importing Assets/Old Sea Port/Materials/Brick Wall_2.mat using Guid(3a2d8369995a465499c90c94fb8b6c4e) Importer(815301076,1909f56bfc062723c751e8b465ee728b)  -> (artifact id: '82d87c22206bd7130e5241084ecc43c9') in 0.133610 seconds 
========================================================================
Received Import Request.
  Time since last request: 0.000018 seconds.
  path: Assets/Old Sea Port/textures/Brick_Wall_Metallic.png
  artifactKey: Guid(2c3cac3e2fe53f34089d2fe02fdfde58) Importer(815301076,1909f56bfc062723c751e8b465ee728b)
Start importing Assets/Old Sea Port/textures/Brick_Wall_Metallic.png using Guid(2c3cac3e2fe53f34089d2fe02fdfde58) Importer(815301076,1909f56bfc062723c751e8b465ee728b)  -> (artifact id: '80157bbfe1b322a44e2d423f1ea37858') in 0.056754 seconds 
========================================================================
Received Import Request.
  Time since last request: 0.000041 seconds.
  path: Assets/Old Sea Port/textures/Brick_Wall_Occlusion.png
  artifactKey: Guid(947d2f8b002d964479658be1ede6c20c) Importer(815301076,1909f56bfc062723c751e8b465ee728b)
Start importing Assets/Old Sea Port/textures/Brick_Wall_Occlusion.png using Guid(947d2f8b002d964479658be1ede6c20c) Importer(815301076,1909f56bfc062723c751e8b465ee728b)  -> (artifact id: 'e1aea20246dfea3a23471196b5e4f7f6') in 0.046265 seconds 
========================================================================
Received Import Request.
  Time since last request: 0.000094 seconds.
  path: Assets/Medieval Fortification/Textures/Fortification_Gate_Wall_MetallicSmoothness.png
  artifactKey: Guid(11ffc625f0bc9a244bd54e2636a74d44) Importer(815301076,1909f56bfc062723c751e8b465ee728b)
Start importing Assets/Medieval Fortification/Textures/Fortification_Gate_Wall_MetallicSmoothness.png using Guid(11ffc625f0bc9a244bd54e2636a74d44) Importer(815301076,1909f56bfc062723c751e8b465ee728b)  -> (artifact id: 'a323c3c1d560d8084e7c1e00550a5ec9') in 0.369226 seconds 
========================================================================
Received Import Request.
  Time since last request: 0.000018 seconds.
  path: Assets/Medieval Fortification/Models/Fortification_Wall.fbx
  artifactKey: Guid(9414f6bab5a827d4dba78882f9fa81fd) Importer(815301076,1909f56bfc062723c751e8b465ee728b)
Start importing Assets/Medieval Fortification/Models/Fortification_Wall.fbx using Guid(9414f6bab5a827d4dba78882f9fa81fd) Importer(815301076,1909f56bfc062723c751e8b465ee728b)  -> (artifact id: 'd5147dc1ca544849021fb811d25965f5') in 0.054121 seconds 
========================================================================
Received Import Request.
  Time since last request: 0.000037 seconds.
  path: Assets/Medieval Fortification/Materials/Fortification_Wall.mat
  artifactKey: Guid(1ce7ca93291348c4e8bc6059b30ef691) Importer(815301076,1909f56bfc062723c751e8b465ee728b)
Start importing Assets/Medieval Fortification/Materials/Fortification_Wall.mat using Guid(1ce7ca93291348c4e8bc6059b30ef691) Importer(815301076,1909f56bfc062723c751e8b465ee728b)  -> (artifact id: '9e9d7c9aee98ef135b294934b34f6754') in 0.080435 seconds 
========================================================================
Received Import Request.
  Time since last request: 0.000050 seconds.
  path: Assets/Old Sea Port/Materials/Brick Wall_2_Shiny.mat
  artifactKey: Guid(5b8e306b8f1292a45b62cbb48b6d1467) Importer(815301076,1909f56bfc062723c751e8b465ee728b)
Start importing Assets/Old Sea Port/Materials/Brick Wall_2_Shiny.mat using Guid(5b8e306b8f1292a45b62cbb48b6d1467) Importer(815301076,1909f56bfc062723c751e8b465ee728b)  -> (artifact id: 'd3bea061de6f282e0d710d4c0e2e9836') in 0.026144 seconds 
========================================================================
Received Import Request.
  Time since last request: 1.738685 seconds.
  path: Assets/Medieval Fortification/Prefabs/Fortification_Tower_Corner.prefab
  artifactKey: Guid(aee75a75196285547a4c8a9a90a596f4) Importer(815301076,1909f56bfc062723c751e8b465ee728b)
Start importing Assets/Medieval Fortification/Prefabs/Fortification_Tower_Corner.prefab using Guid(aee75a75196285547a4c8a9a90a596f4) Importer(815301076,1909f56bfc062723c751e8b465ee728b)  -> (artifact id: 'cc7fda8a09416984d1a2030314cf0541') in 0.109508 seconds 
========================================================================
Received Import Request.
  Time since last request: 0.000030 seconds.
  path: Assets/Medieval Fortification/Textures/Fortification_Tower_Corner_MetallicSmoothness.png
  artifactKey: Guid(ca43403f324655e488e7cd651756a87b) Importer(815301076,1909f56bfc062723c751e8b465ee728b)
Start importing Assets/Medieval Fortification/Textures/Fortification_Tower_Corner_MetallicSmoothness.png using Guid(ca43403f324655e488e7cd651756a87b) Importer(815301076,1909f56bfc062723c751e8b465ee728b)  -> (artifact id: 'd3986d50aef8d639e40468a5948054fd') in 0.406434 seconds 
========================================================================
Received Import Request.
  Time since last request: 0.000024 seconds.
  path: Assets/Medieval Fortification/Models/Fortification_Tower_Corner.fbx
  artifactKey: Guid(08c3528eac59116488f8a2b487773f06) Importer(815301076,1909f56bfc062723c751e8b465ee728b)
Start importing Assets/Medieval Fortification/Models/Fortification_Tower_Corner.fbx using Guid(08c3528eac59116488f8a2b487773f06) Importer(815301076,1909f56bfc062723c751e8b465ee728b)  -> (artifact id: '8d38ff6d49ab791d25cafccea8a63704') in 0.016192 seconds 
========================================================================
Received Import Request.
  Time since last request: 0.000026 seconds.
  path: Assets/Medieval Fortification/Materials/Fortification_Tower_Front.mat
  artifactKey: Guid(3a19e926e7a92a84a96ae0946e5e08e4) Importer(815301076,1909f56bfc062723c751e8b465ee728b)
Start importing Assets/Medieval Fortification/Materials/Fortification_Tower_Front.mat using Guid(3a19e926e7a92a84a96ae0946e5e08e4) Importer(815301076,1909f56bfc062723c751e8b465ee728b)  -> (artifact id: '73f17e4ee469a1a30f699a4a7d56daf7') in 0.064795 seconds 
========================================================================
Received Import Request.
  Time since last request: 0.000033 seconds.
  path: Assets/Medieval Fortification/Textures/Fortification_Tower_Corner_Normal.png
  artifactKey: Guid(4e527bb4c9e340b4694d23ebd7aeb36e) Importer(815301076,1909f56bfc062723c751e8b465ee728b)
Start importing Assets/Medieval Fortification/Textures/Fortification_Tower_Corner_Normal.png using Guid(4e527bb4c9e340b4694d23ebd7aeb36e) Importer(815301076,1909f56bfc062723c751e8b465ee728b)  -> (artifact id: '11efb93978b5be7278e02ee435f1072e') in 0.047565 seconds 
========================================================================
Received Import Request.
  Time since last request: 0.000032 seconds.
  path: Assets/Medieval Fortification/Prefabs/Fortification_Tower_Front.prefab
  artifactKey: Guid(f76ef55d419ea054b98eea97dc676de8) Importer(815301076,1909f56bfc062723c751e8b465ee728b)
Start importing Assets/Medieval Fortification/Prefabs/Fortification_Tower_Front.prefab using Guid(f76ef55d419ea054b98eea97dc676de8) Importer(815301076,1909f56bfc062723c751e8b465ee728b)  -> (artifact id: '2685e667537f50fa2a4402463f839c78') in 0.055563 seconds 
Editor requested this worker to shutdown with reason: Scaling down because of idle timeout
AssetImportWorker is now disconnected from the server
Process exiting
Exiting without the bug reporter. Application will terminate with return code 0